[13:59:51] [Client thread/INFO]: Setting user: Player929
[13:59:55] [Client thread/WARN]: Skipping bad option: lastServer:
[13:59:55] [Client thread/INFO]: LWJGL Version: 2.9.4
[13:59:59] [Client thread/INFO]: Reloading ResourceManager: Default, FMLFileResourcePack:Forge Mod Loader, FMLFileResourcePack:Minecraft Forge, FMLFileResourcePack:Shashakar's Tutorial Mod
[14:00:02] [Sound Library Loader/INFO]: Starting up SoundSystem...
[14:00:02] [Thread-8/INFO]: Initializing LWJGL OpenAL
[14:00:02] [Thread-8/INFO]: (The LWJGL binding of OpenAL.  For more information, see http://www.lwjgl.org)
[14:00:02] [Thread-8/INFO]: OpenAL initialized.
[14:00:03] [Sound Library Loader/INFO]: Sound engine started
[14:00:06] [Client thread/INFO]: Created: 16x16 textures-atlas
[14:00:07] [Client thread/INFO]: Reloading ResourceManager: Default, FMLFileResourcePack:Forge Mod Loader, FMLFileResourcePack:Minecraft Forge, FMLFileResourcePack:Shashakar's Tutorial Mod
[14:00:10] [Client thread/INFO]: SoundSystem shutting down...
[14:00:10] [Client thread/WARN]: Author: Paul Lamb, www.paulscode.com
[14:00:10] [Sound Library Loader/INFO]: Starting up SoundSystem...
[14:00:10] [Thread-10/INFO]: Initializing LWJGL OpenAL
[14:00:10] [Thread-10/INFO]: (The LWJGL binding of OpenAL.  For more information, see http://www.lwjgl.org)
[14:00:10] [Thread-10/INFO]: OpenAL initialized.
[14:00:11] [Sound Library Loader/INFO]: Sound engine started
[14:00:13] [Client thread/INFO]: Created: 512x512 textures-atlas
[14:00:14] [Client thread/WARN]: Skipping bad option: lastServer:
[14:00:15] [Realms Notification Availability checker #1/INFO]: Could not authorize you against Realms server: Invalid session id
[14:00:19] [Server thread/INFO]: Starting integrated minecraft server version 1.10.2
[14:00:19] [Server thread/INFO]: Generating keypair
[14:00:19] [Server thread/INFO]: Preparing start region for level 0
[14:00:20] [Server thread/INFO]: Preparing spawn area: 49%
[14:00:21] [Server thread/INFO]: Changing view distance to 12, from 10
[14:00:22] [Server thread/INFO]: Player929[local:E:6574da39] logged in with entity id 271 at (-3.5440086198300986, 72.0, -92.61577367197698)
[14:00:22] [Server thread/INFO]: Player929 joined the game
[14:00:23] [Server thread/INFO]: Saving and pausing game...
[14:00:23] [Server thread/INFO]: Saving chunks for level 'New World'/Overworld
[14:00:23] [Server thread/INFO]: Saving chunks for level 'New World'/Nether
[14:00:23] [Server thread/INFO]: Saving chunks for level 'New World'/The End
[14:00:23] [pool-2-thread-1/WARN]: Couldn't look up profile properties for com.mojang.authlib.GameProfile@7158d6c9[id=09444461-95e8-3d4c-b4c8-61c0297ca18f,name=Player929,properties={},legacy=false]
com.mojang.authlib.exceptions.AuthenticationException: The client has sent too many requests within a certain amount of time
	at com.mojang.authlib.yggdrasil.YggdrasilAuthenticationService.makeRequest(YggdrasilAuthenticationService.java:65) ~[YggdrasilAuthenticationService.class:?]
	at com.mojang.authlib.yggdrasil.YggdrasilMinecraftSessionService.fillGameProfile(YggdrasilMinecraftSessionService.java:175) [YggdrasilMinecraftSessionService.class:?]
	at com.mojang.authlib.yggdrasil.YggdrasilMinecraftSessionService$1.load(YggdrasilMinecraftSessionService.java:59) [YggdrasilMinecraftSessionService$1.class:?]
	at com.mojang.authlib.yggdrasil.YggdrasilMinecraftSessionService$1.load(YggdrasilMinecraftSessionService.java:56) [YggdrasilMinecraftSessionService$1.class:?]
	at com.google.common.cache.LocalCache$LoadingValueReference.loadFuture(LocalCache.java:3524) [guava-17.0.jar:?]
	at com.google.common.cache.LocalCache$Segment.loadSync(LocalCache.java:2317) [guava-17.0.jar:?]
	at com.google.common.cache.LocalCache$Segment.lockedGetOrLoad(LocalCache.java:2280) [guava-17.0.jar:?]
	at com.google.common.cache.LocalCache$Segment.get(LocalCache.java:2195) [guava-17.0.jar:?]
	at com.google.common.cache.LocalCache.get(LocalCache.java:3934) [guava-17.0.jar:?]
	at com.google.common.cache.LocalCache.getOrLoad(LocalCache.java:3938) [guava-17.0.jar:?]
	at com.google.common.cache.LocalCache$LocalLoadingCache.get(LocalCache.java:4821) [guava-17.0.jar:?]
	at com.google.common.cache.LocalCache$LocalLoadingCache.getUnchecked(LocalCache.java:4827) [guava-17.0.jar:?]
	at com.mojang.authlib.yggdrasil.YggdrasilMinecraftSessionService.fillProfileProperties(YggdrasilMinecraftSessionService.java:165) [YggdrasilMinecraftSessionService.class:?]
	at net.minecraft.client.Minecraft.getProfileProperties(Minecraft.java:3060) [Minecraft.class:?]
	at net.minecraft.client.resources.SkinManager$3.run(SkinManager.java:131) [SkinManager$3.class:?]
	at java.util.concurrent.Executors$RunnableAdapter.call(Executors.java:511) [?:1.8.0_121]
	at java.util.concurrent.FutureTask.run(FutureTask.java:266) [?:1.8.0_121]
	at java.util.concurrent.ThreadPoolExecutor.runWorker(ThreadPoolExecutor.java:1142) [?:1.8.0_121]
	at java.util.concurrent.ThreadPoolExecutor$Worker.run(ThreadPoolExecutor.java:617) [?:1.8.0_121]
	at java.lang.Thread.run(Thread.java:745) [?:1.8.0_121]
[14:00:30] [Client thread/FATAL]: Error executing task
java.util.concurrent.ExecutionException: java.lang.NullPointerException
	at java.util.concurrent.FutureTask.report(FutureTask.java:122) ~[?:1.8.0_121]
	at java.util.concurrent.FutureTask.get(FutureTask.java:192) ~[?:1.8.0_121]
	at net.minecraft.util.Util.runTask(Util.java:29) [Util.class:?]
	at net.minecraft.client.Minecraft.runGameLoop(Minecraft.java:1108) [Minecraft.class:?]
	at net.minecraft.client.Minecraft.run(Minecraft.java:406) [Minecraft.class:?]
	at net.minecraft.client.main.Main.main(Main.java:118) [Main.class:?]
	at sun.reflect.NativeMethodAccessorImpl.invoke0(Native Method) ~[?:1.8.0_121]
	at sun.reflect.NativeMethodAccessorImpl.invoke(NativeMethodAccessorImpl.java:62) ~[?:1.8.0_121]
	at sun.reflect.DelegatingMethodAccessorImpl.invoke(DelegatingMethodAccessorImpl.java:43) ~[?:1.8.0_121]
	at java.lang.reflect.Method.invoke(Method.java:498) ~[?:1.8.0_121]
	at net.minecraft.launchwrapper.Launch.launch(Launch.java:135) [launchwrapper-1.12.jar:?]
	at net.minecraft.launchwrapper.Launch.main(Launch.java:28) [launchwrapper-1.12.jar:?]
	at sun.reflect.NativeMethodAccessorImpl.invoke0(Native Method) ~[?:1.8.0_121]
	at sun.reflect.NativeMethodAccessorImpl.invoke(NativeMethodAccessorImpl.java:62) ~[?:1.8.0_121]
	at sun.reflect.DelegatingMethodAccessorImpl.invoke(DelegatingMethodAccessorImpl.java:43) ~[?:1.8.0_121]
	at java.lang.reflect.Method.invoke(Method.java:498) ~[?:1.8.0_121]
	at net.minecraftforge.gradle.GradleStartCommon.launch(GradleStartCommon.java:97) [start/:?]
	at GradleStart.main(GradleStart.java:26) [start/:?]
	at sun.reflect.NativeMethodAccessorImpl.invoke0(Native Method) ~[?:1.8.0_121]
	at sun.reflect.NativeMethodAccessorImpl.invoke(NativeMethodAccessorImpl.java:62) ~[?:1.8.0_121]
	at sun.reflect.DelegatingMethodAccessorImpl.invoke(DelegatingMethodAccessorImpl.java:43) ~[?:1.8.0_121]
	at java.lang.reflect.Method.invoke(Method.java:498) ~[?:1.8.0_121]
	at com.intellij.rt.execution.application.AppMain.main(AppMain.java:147) [idea_rt.jar:?]
Caused by: java.lang.NullPointerException
	at net.minecraft.inventory.InventoryBasic.<init>(InventoryBasic.java:34) ~[InventoryBasic.class:?]
	at net.minecraft.client.network.NetHandlerPlayClient.handleOpenWindow(NetHandlerPlayClient.java:1155) ~[NetHandlerPlayClient.class:?]
	at net.minecraft.network.play.server.SPacketOpenWindow.processPacket(SPacketOpenWindow.java:47) ~[SPacketOpenWindow.class:?]
	at net.minecraft.network.play.server.SPacketOpenWindow.processPacket(SPacketOpenWindow.java:11) ~[SPacketOpenWindow.class:?]
	at net.minecraft.network.PacketThreadUtil$1.run(PacketThreadUtil.java:21) ~[PacketThreadUtil$1.class:?]
	at java.util.concurrent.Executors$RunnableAdapter.call(Executors.java:511) ~[?:1.8.0_121]
	at java.util.concurrent.FutureTask.run(FutureTask.java:266) ~[?:1.8.0_121]
	at net.minecraft.util.Util.runTask(Util.java:28) ~[Util.class:?]
	... 20 more
[14:00:34] [Client thread/FATAL]: Error executing task
java.util.concurrent.ExecutionException: java.lang.NullPointerException
	at java.util.concurrent.FutureTask.report(FutureTask.java:122) ~[?:1.8.0_121]
	at java.util.concurrent.FutureTask.get(FutureTask.java:192) ~[?:1.8.0_121]
	at net.minecraft.util.Util.runTask(Util.java:29) [Util.class:?]
	at net.minecraft.client.Minecraft.runGameLoop(Minecraft.java:1108) [Minecraft.class:?]
	at net.minecraft.client.Minecraft.run(Minecraft.java:406) [Minecraft.class:?]
	at net.minecraft.client.main.Main.main(Main.java:118) [Main.class:?]
	at sun.reflect.NativeMethodAccessorImpl.invoke0(Native Method) ~[?:1.8.0_121]
	at sun.reflect.NativeMethodAccessorImpl.invoke(NativeMethodAccessorImpl.java:62) ~[?:1.8.0_121]
	at sun.reflect.DelegatingMethodAccessorImpl.invoke(DelegatingMethodAccessorImpl.java:43) ~[?:1.8.0_121]
	at java.lang.reflect.Method.invoke(Method.java:498) ~[?:1.8.0_121]
	at net.minecraft.launchwrapper.Launch.launch(Launch.java:135) [launchwrapper-1.12.jar:?]
	at net.minecraft.launchwrapper.Launch.main(Launch.java:28) [launchwrapper-1.12.jar:?]
	at sun.reflect.NativeMethodAccessorImpl.invoke0(Native Method) ~[?:1.8.0_121]
	at sun.reflect.NativeMethodAccessorImpl.invoke(NativeMethodAccessorImpl.java:62) ~[?:1.8.0_121]
	at sun.reflect.DelegatingMethodAccessorImpl.invoke(DelegatingMethodAccessorImpl.java:43) ~[?:1.8.0_121]
	at java.lang.reflect.Method.invoke(Method.java:498) ~[?:1.8.0_121]
	at net.minecraftforge.gradle.GradleStartCommon.launch(GradleStartCommon.java:97) [start/:?]
	at GradleStart.main(GradleStart.java:26) [start/:?]
	at sun.reflect.NativeMethodAccessorImpl.invoke0(Native Method) ~[?:1.8.0_121]
	at sun.reflect.NativeMethodAccessorImpl.invoke(NativeMethodAccessorImpl.java:62) ~[?:1.8.0_121]
	at sun.reflect.DelegatingMethodAccessorImpl.invoke(DelegatingMethodAccessorImpl.java:43) ~[?:1.8.0_121]
	at java.lang.reflect.Method.invoke(Method.java:498) ~[?:1.8.0_121]
	at com.intellij.rt.execution.application.AppMain.main(AppMain.java:147) [idea_rt.jar:?]
Caused by: java.lang.NullPointerException
	at net.minecraft.inventory.InventoryBasic.<init>(InventoryBasic.java:34) ~[InventoryBasic.class:?]
	at net.minecraft.client.network.NetHandlerPlayClient.handleOpenWindow(NetHandlerPlayClient.java:1155) ~[NetHandlerPlayClient.class:?]
	at net.minecraft.network.play.server.SPacketOpenWindow.processPacket(SPacketOpenWindow.java:47) ~[SPacketOpenWindow.class:?]
	at net.minecraft.network.play.server.SPacketOpenWindow.processPacket(SPacketOpenWindow.java:11) ~[SPacketOpenWindow.class:?]
	at net.minecraft.network.PacketThreadUtil$1.run(PacketThreadUtil.java:21) ~[PacketThreadUtil$1.class:?]
	at java.util.concurrent.Executors$RunnableAdapter.call(Executors.java:511) ~[?:1.8.0_121]
	at java.util.concurrent.FutureTask.run(FutureTask.java:266) ~[?:1.8.0_121]
	at net.minecraft.util.Util.runTask(Util.java:28) ~[Util.class:?]
	... 20 more
[14:00:40] [Server thread/INFO]: Saving and pausing game...
[14:00:40] [Server thread/INFO]: Saving chunks for level 'New World'/Overworld
[14:00:40] [Server thread/INFO]: Saving chunks for level 'New World'/Nether
[14:00:40] [Server thread/INFO]: Saving chunks for level 'New World'/The End
[14:00:41] [Client thread/INFO]: Stopping!
[14:00:41] [Client thread/INFO]: SoundSystem shutting down...
[14:00:41] [Server thread/INFO]: Stopping server
[14:00:41] [Server thread/INFO]: Saving players
[14:00:41] [Server thread/INFO]: Saving worlds
[14:00:41] [Server thread/INFO]: Saving chunks for level 'New World'/Overworld
[14:00:41] [Server thread/INFO]: Saving chunks for level 'New World'/Nether
[14:00:41] [Server thread/INFO]: Saving chunks for level 'New World'/The End
[14:00:42] [Client thread/WARN]: Author: Paul Lamb, www.paulscode.com
[14:00:42] [Client Shutdown Thread/INFO]: Stopping server
[14:00:42] [Client Shutdown Thread/INFO]: Saving players
[14:00:42] [Client Shutdown Thread/INFO]: Saving worlds
[14:00:42] [Client Shutdown Thread/INFO]: Saving chunks for level 'New World'/Overworld
[14:00:42] [Client Shutdown Thread/INFO]: Saving chunks for level 'New World'/Nether
[14:00:42] [Client Shutdown Thread/INFO]: Saving chunks for level 'New World'/The End
